Arguments: 
  C:\Program Files\nodejs\node.exe C:\Users\Samuel\AppData\Roaming\npm\node_modules\yarn\bin\yarn.js start

PATH: 
  C:\Windows\system32;C:\Windows;C:\Windows\System32\Wbem;C:\Windows\System32\WindowsPowerShell\v1.0\;C:\Windows\System32\OpenSSH\;C:\Program Files (x86)\NVIDIA Corporation\PhysX\Common;C:\Program Files\NVIDIA Corporation\NVIDIA NvDLISR;C:\Program Files\Git\cmd;C:\Program Files\nodejs\;C:\Users\Samuel\AppData\Local\Programs\Python\Python37\Scripts\;C:\Users\Samuel\AppData\Local\Programs\Python\Python37\;C:\Users\Samuel\AppData\Local\Microsoft\WindowsApps;C:\Users\Samuel\AppData\Local\Programs\Microsoft VS Code\bin;C:\Users\Samuel\AppData\Local\GitHubDesktop\bin;C:\Users\Samuel\AppData\Roaming\npm

Yarn version: 
  1.22.10

Node version: 
  14.15.4

Platform: 
  win32 x64

Trace: 
  SyntaxError: C:\Users\Samuel\Hana\blockchain\package.json: Unexpected token / in JSON at position 299
      at JSON.parse (<anonymous>)
      at C:\Users\Samuel\AppData\Roaming\npm\node_modules\yarn\lib\cli.js:1625:59
      at Generator.next (<anonymous>)
      at step (C:\Users\Samuel\AppData\Roaming\npm\node_modules\yarn\lib\cli.js:310:30)
      at C:\Users\Samuel\AppData\Roaming\npm\node_modules\yarn\lib\cli.js:321:13

npm manifest: 
  {
    "name": "blockchain",
    "version": "1.0.0",
    "main": "index.js",
    "repository": "https://github.com/hanaheyo/blockchain.git",
    "author": "hanaheyo <violets5618@gmail.com>",
    "license": "MIT",
    "devDependencies": {
      "typescript": "^4.1.3"
    },
    "scripts": {
      "start": "node index.js" // yarn start를 입력하면 node에서 index.js가 실행된다!
    }
  }

yarn manifest: 
  No manifest

Lockfile: 
  No lockfile
